<?xml version="1.0" encoding="UTF-8"?>
<!-- Generated by org.testng.reporters.JUnitReportReporter -->
<testsuite hostname="TR" name="TTT.ttt" tests="1" failures="0" timestamp="31 May 2018 06:18:17 GMT" time="0.013" errors="0">
  <testcase name="test1" time="0.013" classname="TTT.ttt"/>
</testsuite> <!-- TTT.ttt -->
