<?xml version="1.0" encoding="UTF-8"?>
<!-- Generated by org.testng.reporters.JUnitReportReporter -->
<testsuite hostname="TR" name="org.test.test" tests="1" failures="0" timestamp="31 May 2018 04:35:00 GMT" time="0.005" errors="0">
  <testcase name="test1" time="0.005" classname="org.test.test"/>
</testsuite> <!-- org.test.test -->
