<?xml version="1.0" encoding="UTF-8"?>
<!-- Generated by org.testng.reporters.JUnitReportReporter -->
<testsuite hostname="TR" name="TTT.NewTest" tests="1" failures="0" timestamp="31 May 2018 06:33:56 GMT" time="0.011" errors="0">
  <testcase name="f" time="0.011" classname="TTT.NewTest"/>
</testsuite> <!-- TTT.NewTest -->
