<?xml version="1.0" encoding="UTF-8"?>
<!-- Generated by org.testng.reporters.JUnitReportReporter -->
<testsuite hostname="TR" name="org.test.test" tests="1" failures="0" timestamp="31 May 2018 06:05:30 GMT" time="0.004" errors="0">
  <testcase name="test1" time="0.004" classname="org.test.test"/>
</testsuite> <!-- org.test.test -->
