<?xml version="1.0" encoding="UTF-8"?>
<!-- Generated by org.testng.reporters.JUnitReportReporter -->
<testsuite hostname="TR" name="testcase.Blog_sreach" tests="1" failures="0" timestamp="30 May 2018 11:22:36 GMT" time="37.444" errors="0">
  <testcase name="sreach" time="37.444" classname="testcase.Blog_sreach"/>
</testsuite> <!-- testcase.Blog_sreach -->
