<?xml version="1.0" encoding="UTF-8"?>
<!-- Generated by org.testng.reporters.JUnitReportReporter -->
<testsuite hostname="TR" name="testcase.Blog_pu_login" tests="1" failures="0" timestamp="30 May 2018 11:22:36 GMT" time="14.666" errors="0">
  <testcase name="login" time="14.666" classname="testcase.Blog_pu_login"/>
</testsuite> <!-- testcase.Blog_pu_login -->
