<?xml version="1.0" encoding="UTF-8"?>
<!-- Generated by org.testng.reporters.JUnitReportReporter -->
<testsuite hostname="TR" name="testcase.admin_login" tests="1" failures="0" timestamp="30 May 2018 11:22:36 GMT" time="36.011" errors="0">
  <testcase name="A_login" time="36.011" classname="testcase.admin_login"/>
</testsuite> <!-- testcase.admin_login -->
